<?xml version="1.0" encoding="UTF-8"?>
<project xmlns="http://maven.apache.org/POM/4.0.0" xmlns:xsi="http://www.w3.org/2001/XMLSchema-instance"
         xsi:schemaLocation="http://maven.apache.org/POM/4.0.0 https://maven.apache.org/xsd/maven-4.0.0.xsd">
    <modelVersion>4.0.0</modelVersion>
    <groupId>com.example</groupId>
    <artifactId>test-project</artifactId>
    <version>1.0.0</version>
    <name>Test Project</name>
    
    <properties>
        <java.version>17</java.version>
        <spring.version>3.2.0</spring.version>
        <spring.boot.version>${spring.version}</spring.boot.version>
        <junit.version>5.10.0</junit.version>
    </properties>
    
    <dependencies>
        <dependency>
            <groupId>org.springframework.boot</groupId>
            <artifactId>spring-boot-starter</artifactId>
            <version>${spring.boot.version}</version>
        </dependency>
        <dependency>
            <groupId>org.junit.jupiter</groupId>
            <artifactId>junit-jupiter</artifactId>
            <version>${junit.version}</version>
            <scope>test</scope>
        </dependency>
        <dependency>
            <groupId>com.example</groupId>
            <artifactId>example-core</artifactId>
            <version>${project.version}</version>
        </dependency>
    </dependencies>
</project>